  window.cpp
  wall.cpp
  tutolial.cpp
  Title.cpp
  time.cpp
  sound.cpp
  shadow.cpp
  serect.cpp
  Result.cpp
  possession.cpp
  polygon.cpp
  player2.cpp
  player.cpp
  pause.cpp
  objectnot.cpp
  object.cpp
  meshfield.cpp
  meshbg.cpp
  main.cpp
  light.cpp
  コードを生成中...
  コンパイル中...
  length.cpp
  item.cpp
  input.cpp
  Game.cpp
  frame.cpp
  fade.cpp
  explosion.cpp
  enter.cpp
  enemy.cpp
  effect.cpp
  camera.cpp
  bullet.cpp
  billboord.cpp
  コードを生成中...
  ぎゃくれおに.vcxproj -> C:\Users\game103\Desktop\吉田学園情報ビジネス専門学 有馬武志\Work4_1年_3D鬼ごっこ\開発環境\Debug\ぎゃくれおに.exe
  ぎゃくれおに.vcxproj -> C:\Users\game103\Desktop\吉田学園情報ビジネス専門学 有馬武志\Work4_1年_3D鬼ごっこ\開発環境\Debug\ぎゃくれおに.pdb (Full PDB)
